
obj/mi_suma.elf:     file format elf32-littlearm


Disassembly of section .text:

70010000 <_start>:
70010000:	e59fd020 	ldr	sp, [pc, #32]	; 70010028 <_start+0x28>
70010004:	e3a00010 	mov	r0, #16
70010008:	e3a01020 	mov	r1, #32
7001000c:	e59fa018 	ldr	sl, [pc, #24]	; 7001002c <_start+0x2c>
70010010:	e1a0e00f 	mov	lr, pc
70010014:	e12fff1a 	bx	sl
70010018:	e59fa010 	ldr	sl, [pc, #16]	; 70010030 <_start+0x30>
7001001c:	e1a0e00f 	mov	lr, pc
70010020:	e12fff1a 	bx	sl
70010024:	eafffffe 	b	70010024 <_start+0x24>
70010028:	70020000 	andvc	r0, r2, r0
7001002c:	70010034 	andvc	r0, r1, r4, lsr r0
70010030:	7001003c 	andvc	r0, r1, ip, lsr r0

70010034 <suma_c>:
70010034:	e0800001 	add	r0, r0, r1
70010038:	e12fff1e 	bx	lr

7001003c <mult_c>:
7001003c:	e0000091 	mul	r0, r1, r0
70010040:	e12fff1e 	bx	lr

Disassembly of section .ARM.attributes:

00000000 <.ARM.attributes>:
   0:	00002c41 	andeq	r2, r0, r1, asr #24
   4:	61656100 	cmnvs	r5, r0, lsl #2
   8:	01006962 	tsteq	r0, r2, ror #18
   c:	00000022 	andeq	r0, r0, r2, lsr #32
  10:	412d3705 			; <UNDEFINED> instruction: 0x412d3705
  14:	070a0600 	streq	r0, [sl, -r0, lsl #12]
  18:	09010841 	stmdbeq	r1, {r0, r6, fp}
  1c:	14041202 	strne	r1, [r4], #-514	; 0xfffffdfe
  20:	17011501 	strne	r1, [r1, -r1, lsl #10]
  24:	1a011803 	bne	46038 <_PUBLIC_RAM_INIT-0x6ffc9fc8>
  28:	44012201 	strmi	r2, [r1], #-513	; 0xfffffdff
  2c:	Address 0x000000000000002c is out of bounds.


Disassembly of section .comment:

00000000 <.comment>:
   0:	3a434347 	bcc	10d0d24 <_PUBLIC_RAM_INIT-0x6ef3f2dc>
   4:	35312820 	ldrcc	r2, [r1, #-2080]!	; 0xfffff7e0
   8:	2e30313a 	mrccs	1, 1, r3, cr0, cr10, {1}
   c:	30322d33 	eorscc	r2, r2, r3, lsr sp
  10:	302e3132 	eorcc	r3, lr, r2, lsr r1
  14:	29342d37 	ldmdbcs	r4!, {r0, r1, r2, r4, r5, r8, sl, fp, sp}
  18:	2e303120 	rsfcssp	f3, f0, f0
  1c:	20312e33 	eorscs	r2, r1, r3, lsr lr
  20:	31323032 	teqcc	r2, r2, lsr r0
  24:	31323630 	teqcc	r2, r0, lsr r6
  28:	65722820 	ldrbvs	r2, [r2, #-2080]!	; 0xfffff7e0
  2c:	7361656c 	cmnvc	r1, #108, 10	; 0x1b000000
  30:	Address 0x0000000000000030 is out of bounds.

